<?xml version="1.0" encoding="UTF-8"?>
<!-- Generated by org.testng.reporters.JUnitReportReporter -->
<testsuite hostname="A4G350-PC" failures="0" tests="1" name="org.sample.EntraSDET.TestWatchDemo" time="41.426" errors="0" timestamp="2024-09-23T19:45:39 IST" skipped="0">
  <testcase classname="org.sample.EntraSDET.TestWatchDemo" name="testWatchDemo" time="41.426"/>
</testsuite> <!-- org.sample.EntraSDET.TestWatchDemo -->
