<?xml version="1.0" encoding="UTF-8"?>
<!-- Generated by org.testng.reporters.JUnitReportReporter -->
<testsuite hostname="A4G350-PC" failures="0" tests="1" name="org.sample.EntraSDET.WatchDemo" time="12.565" errors="0" timestamp="2024-09-23T16:42:53 IST" skipped="0">
  <testcase classname="org.sample.EntraSDET.WatchDemo" name="testWatchDemo" time="12.565"/>
</testsuite> <!-- org.sample.EntraSDET.WatchDemo -->
