<?xml version="1.0" encoding="UTF-8"?>
<!-- Generated by org.testng.reporters.JUnitReportReporter -->
<testsuite hostname="A4G350-PC" failures="0" tests="1" name="org.sample.EntraSDET.RequestStudentDemo" time="63.680" errors="0" timestamp="2024-09-23T15:12:54 IST" skipped="0">
  <testcase classname="org.sample.EntraSDET.RequestStudentDemo" name="f" time="63.680"/>
</testsuite> <!-- org.sample.EntraSDET.RequestStudentDemo -->
