<?xml version="1.0" encoding="UTF-8"?>
<!-- Generated by org.testng.reporters.JUnitReportReporter -->
<testsuite hostname="A4G350-PC" failures="0" tests="1" name="org.sample.EntraSDET.TestEntraLinkedInJoin" time="39.219" errors="0" timestamp="2024-09-23T21:22:45 IST" skipped="0">
  <testcase classname="org.sample.EntraSDET.TestEntraLinkedInJoin" name="testLinkedInSocialForEntra" time="39.219"/>
</testsuite> <!-- org.sample.EntraSDET.TestEntraLinkedInJoin -->
